2026-03-02 22:29:12,384 [    943]   WARN - #c.i.s.c.i.StationSocketConnectionLoop - Discovery connection failed with NoSuchFileException (/run/user/1000/jb.station.sock)
2026-03-02 22:29:12,575 [   1134]   WARN - #c.i.o.e.c.i.EditorColorsManagerImpl - resource not found: colorSchemes/SqlDefault.xml
2026-03-02 22:29:12,576 [   1135]   WARN - #c.i.o.e.c.i.EditorColorsManagerImpl - resource not found: colorSchemes/sassDefault.xml
2026-03-02 22:29:12,588 [   1147]   WARN - #c.i.o.e.c.i.EditorColorsManagerImpl - resource not found: colorSchemes/SqlDarcula.xml
2026-03-02 22:29:14,201 [   2760]   WARN - #c.i.o.f.i.EditorCompositeModelManager - Cannot use saved provider list (savedProviders={split-provider[text-editor;markdown-preview-editor]=[Element: <state/>]}, resolvedProvider=[])
2026-03-02 22:29:15,974 [   4533] SEVERE - #c.i.s.ComponentManagerImpl - com.intellij.ui.jcef.JBCefApp$Holder <clinit> requests com.intellij.util.net.internal.ProxyMigrationService instance. Class initialization must not depend on services. Consider using instance of the service on-demand instead.
java.lang.Throwable: com.intellij.ui.jcef.JBCefApp$Holder <clinit> requests com.intellij.util.net.internal.ProxyMigrationService instance. Class initialization must not depend on services. Consider using instance of the service on-demand instead.
	at com.intellij.openapi.diagnostic.Logger.error(Logger.java:375)
	at com.intellij.serviceContainer.ComponentManagerImplKt.checkOutsideClassInitializer(ComponentManagerImpl.kt:1587)
	at com.intellij.serviceContainer.ComponentManagerImplKt.getOrCreateInstanceBlocking(ComponentManagerImpl.kt:1543)
	at com.intellij.serviceContainer.ComponentManagerImpl.doGetService(ComponentManagerImpl.kt:715)
	at com.intellij.serviceContainer.ComponentManagerImpl.getService(ComponentManagerImpl.kt:653)
	at com.intellij.util.net.internal.ProxyMigrationService$Companion.getInstance(ProxyMigrationService.kt:19)
	at com.intellij.util.net.internal.ProxyMigrationService.getInstance(ProxyMigrationService.kt)
	at com.intellij.util.net.HttpConfigurable.initializeComponent(HttpConfigurable.java:146)
	at com.intellij.configurationStore.ComponentStoreImpl.initComponent$suspendImpl(ComponentStoreImpl.kt:176)
	at com.intellij.configurationStore.ComponentStoreImpl.initComponent(ComponentStoreImpl.kt)
	at com.intellij.configurationStore.ComponentStoreWithExtraComponents.initComponent(ComponentStoreWithExtraComponents.kt:43)
	at com.intellij.serviceContainer.ServiceInstanceInitializerKt.initializeService(ServiceInstanceInitializer.kt:128)
	at com.intellij.serviceContainer.ServiceInstanceInitializerKt.access$initializeService(ServiceInstanceInitializer.kt:1)
	at com.intellij.serviceContainer.ServiceInstanceInitializer.createInstance$suspendImpl(ServiceInstanceInitializer.kt:63)
	at com.intellij.serviceContainer.ServiceInstanceInitializer.createInstance(ServiceInstanceInitializer.kt)
	at com.intellij.platform.instanceContainer.internal.LazyInstanceHolder$initialize$1$1.invokeSuspend(LazyInstanceHolder.kt:165)
	at com.intellij.platform.instanceContainer.internal.LazyInstanceHolder$initialize$1$1.invoke(LazyInstanceHolder.kt)
	at com.intellij.platform.instanceContainer.internal.LazyInstanceHolder$initialize$1$1.invoke(LazyInstanceHolder.kt)
	at kotlinx.coroutines.intrinsics.UndispatchedKt.startUndispatchedOrReturn(Undispatched.kt:44)
	at kotlinx.coroutines.BuildersKt__Builders_commonKt.withContext(Builders.common.kt:166)
	at kotlinx.coroutines.BuildersKt.withContext(Unknown Source)
	at com.intellij.platform.instanceContainer.internal.LazyInstanceHolder$initialize$1.invokeSuspend(LazyInstanceHolder.kt:163)
	at com.intellij.platform.instanceContainer.internal.LazyInstanceHolder$initialize$1.invoke(LazyInstanceHolder.kt)
	at com.intellij.platform.instanceContainer.internal.LazyInstanceHolder$initialize$1.invoke(LazyInstanceHolder.kt)
	at kotlinx.coroutines.intrinsics.UndispatchedKt.startCoroutineUndispatched(Undispatched.kt:20)
	at kotlinx.coroutines.CoroutineStart.invoke(CoroutineStart.kt:360)
	at kotlinx.coroutines.AbstractCoroutine.start(AbstractCoroutine.kt:134)
	at kotlinx.coroutines.BuildersKt__Builders_commonKt.launch(Builders.common.kt:52)
	at kotlinx.coroutines.BuildersKt.launch(Unknown Source)
	at com.intellij.platform.instanceContainer.internal.LazyInstanceHolder.initialize(LazyInstanceHolder.kt:148)
	at com.intellij.platform.instanceContainer.internal.LazyInstanceHolder.access$initialize(LazyInstanceHolder.kt:15)
	at com.intellij.platform.instanceContainer.internal.LazyInstanceHolder.tryInitialize(LazyInstanceHolder.kt:138)
	at com.intellij.platform.instanceContainer.internal.LazyInstanceHolder.getInstance(LazyInstanceHolder.kt:96)
	at com.intellij.platform.instanceContainer.internal.LazyInstanceHolder.getInstanceInCallerContext$suspendImpl(LazyInstanceHolder.kt:88)
	at com.intellij.platform.instanceContainer.internal.LazyInstanceHolder.getInstanceInCallerContext(LazyInstanceHolder.kt)
	at com.intellij.serviceContainer.ComponentManagerImplKt$doGetOrCreateInstanceBlocking$1.invokeSuspend(ComponentManagerImpl.kt:1561)
	at kotlin.coroutines.jvm.internal.BaseContinuationImpl.resumeWith(ContinuationImpl.kt:34)
	at kotlinx.coroutines.DispatchedTask.run(DispatchedTask.kt:100)
	at kotlinx.coroutines.EventLoopImplBase.processNextEvent(EventLoop.common.kt:263)
	at kotlinx.coroutines.BlockingCoroutine.joinBlocking(Builders.kt:112)
	at kotlinx.coroutines.BuildersKt__BuildersKt.runBlocking$BuildersKt__BuildersKt(Builders.kt:85)
	at kotlinx.coroutines.BuildersKt__BuildersKt.runBlockingWithParallelismCompensation(Builders.kt:61)
	at kotlinx.coroutines.BuildersKt.runBlockingWithParallelismCompensation(Unknown Source)
	at kotlinx.coroutines.internal.intellij.IntellijCoroutines.runBlockingWithParallelismCompensation(intellij.kt:48)
	at com.intellij.util.IntelliJCoroutinesFacade.runBlockingWithParallelismCompensation(IntelliJCoroutinesFacade.kt:35)
	at com.intellij.serviceContainer.ComponentManagerImplKt.runBlockingInitialization$lambda$0(ComponentManagerImpl.kt:1692)
	at com.intellij.openapi.progress.ContextKt.prepareThreadContext$lambda$0(context.kt:83)
	at com.intellij.concurrency.ThreadContext.resetThreadContext(threadContext.kt:294)
	at com.intellij.openapi.progress.ContextKt.prepareThreadContext(context.kt:82)
	at com.intellij.serviceContainer.ComponentManagerImplKt.runBlockingInitialization(ComponentManagerImpl.kt:1677)
	at com.intellij.serviceContainer.ComponentManagerImplKt.doGetOrCreateInstanceBlocking(ComponentManagerImpl.kt:1560)
	at com.intellij.serviceContainer.ComponentManagerImplKt.getOrCreateInstanceBlocking(ComponentManagerImpl.kt:1549)
	at com.intellij.serviceContainer.ComponentManagerImpl.doGetService(ComponentManagerImpl.kt:715)
	at com.intellij.serviceContainer.ComponentManagerImpl.getService(ComponentManagerImpl.kt:653)
	at com.intellij.util.net.HttpConfigurable.getInstance(HttpConfigurable.java:122)
	at com.intellij.ui.jcef.JBCefProxySettings.getInstance(JBCefProxySettings.java:55)
	at com.intellij.ui.jcef.SettingsHelper.loadArgs(SettingsHelper.java:135)
	at com.intellij.ui.jcef.JBCefApp.lambda$new$3(JBCefApp.java:177)
	at com.intellij.openapi.progress.Cancellation.computeInNonCancelableSection(Cancellation.java:150)
	at com.intellij.openapi.progress.Cancellation.forceNonCancellableSectionInClassInitializer(Cancellation.java:192)
	at com.intellij.ui.jcef.JBCefApp.<init>(JBCefApp.java:177)
	at com.intellij.ui.jcef.JBCefApp$Holder.init(JBCefApp.java:336)
	at com.intellij.ui.jcef.JBCefApp$Holder.<clinit>(JBCefApp.java:317)
	at com.intellij.ui.jcef.JBCefApp.getInstance(JBCefApp.java:299)
	at com.intellij.ui.jcef.JBCefBrowserBase.<init>(JBCefBrowserBase.java:179)
	at com.intellij.ui.jcef.JBCefBrowser.<init>(JBCefBrowser.java:37)
	at com.intellij.ui.jcef.JCEFHtmlPanel.<init>(JCEFHtmlPanel.kt:15)
	at org.intellij.plugins.markdown.ui.preview.jcef.MarkdownJCEFHtmlPanel.<init>(MarkdownJCEFHtmlPanel.kt:55)
	at org.intellij.plugins.markdown.ui.preview.jcef.JCEFHtmlPanelProvider.createHtmlPanel(JCEFHtmlPanelProvider.java:25)
	at org.intellij.plugins.markdown.ui.preview.MarkdownPreviewFileEditor.attachHtmlPanel(MarkdownPreviewFileEditor.kt:263)
	at org.intellij.plugins.markdown.ui.preview.MarkdownPreviewFileEditor.access$attachHtmlPanel(MarkdownPreviewFileEditor.kt:58)
	at org.intellij.plugins.markdown.ui.preview.MarkdownPreviewFileEditor$1.invokeSuspend(MarkdownPreviewFileEditor.kt:80)
	at kotlin.coroutines.jvm.internal.BaseContinuationImpl.resumeWith(ContinuationImpl.kt:34)
	at kotlinx.coroutines.DispatchedTask.run(DispatchedTask.kt:100)
	at com.intellij.openapi.application.impl.DispatchedRunnable.run(DispatchedRunnable.kt:42)
	at com.intellij.openapi.application.TransactionGuardImpl.runWithWritingAllowed(TransactionGuardImpl.java:239)
	at com.intellij.openapi.application.TransactionGuardImpl.access$100(TransactionGuardImpl.java:25)
	at com.intellij.openapi.application.TransactionGuardImpl$2.run(TransactionGuardImpl.java:221)
	at com.intellij.openapi.application.impl.NonBlockingFlushQueue.runNextEvent$lambda$1$1$0(NonBlockingFlushQueue.kt:334)
	at com.intellij.openapi.progress.impl.CoreProgressManager.computePrioritized(CoreProgressManager.java:901)
	at com.intellij.openapi.application.impl.NonBlockingFlushQueue.runNextEvent$lambda$1$1(NonBlockingFlushQueue.kt:333)
	at com.intellij.concurrency.ThreadContext.resetThreadContext(threadContext.kt:294)
	at com.intellij.openapi.application.impl.NonBlockingFlushQueue.runNextEvent$lambda$1(NonBlockingFlushQueue.kt:330)
	at com.intellij.platform.locking.impl.NestedLocksThreadingSupport.tryRunWriteIntentReadAction(NestedLocksThreadingSupport.kt:689)
	at com.intellij.openapi.application.impl.NonBlockingFlushQueue.runNextEvent(NonBlockingFlushQueue.kt:326)
	at com.intellij.openapi.application.impl.NonBlockingFlushQueue.flushNow(NonBlockingFlushQueue.kt:305)
	at com.intellij.openapi.application.impl.NonBlockingFlushQueue.FLUSH_NOW$lambda$0(NonBlockingFlushQueue.kt:167)
	at java.desktop/java.awt.event.InvocationEvent.dispatch(InvocationEvent.java:318)
	at java.desktop/java.awt.EventQueue.dispatchEventImpl(EventQueue.java:781)
	at java.desktop/java.awt.EventQueue$4.run(EventQueue.java:728)
	at java.desktop/java.awt.EventQueue$4.run(EventQueue.java:722)
	at java.base/java.security.AccessController.doPrivileged(AccessController.java:400)
	at java.base/java.security.ProtectionDomain$JavaSecurityAccessImpl.doIntersectionPrivilege(ProtectionDomain.java:87)
	at java.desktop/java.awt.EventQueue.dispatchEvent(EventQueue.java:750)
	at com.intellij.ide.IdeEventQueue.defaultDispatchEvent(IdeEventQueue.kt:664)
	at com.intellij.ide.IdeEventQueue._dispatchEvent(IdeEventQueue.kt:517)
	at com.intellij.ide.IdeEventQueue.dispatchEvent$lambda$0$0$0(IdeEventQueue.kt:333)
	at com.intellij.ide.IdeEventQueueKt.performActivity$lambda$1(IdeEventQueue.kt:1065)
	at com.intellij.openapi.application.TransactionGuardImpl.performActivity(TransactionGuardImpl.java:109)
	at com.intellij.ide.IdeEventQueueKt.performActivity(IdeEventQueue.kt:1065)
	at com.intellij.ide.IdeEventQueue.dispatchEvent$lambda$0(IdeEventQueue.kt:331)
	at com.intellij.ide.IdeEventQueue.dispatchEvent(IdeEventQueue.kt:371)
	at java.desktop/java.awt.EventDispatchThread.pumpOneEventForFilters(EventDispatchThread.java:207)
	at java.desktop/java.awt.EventDispatchThread.pumpEventsForFilter(EventDispatchThread.java:128)
	at java.desktop/java.awt.EventDispatchThread.pumpEventsForHierarchy(EventDispatchThread.java:117)
	at java.desktop/java.awt.EventDispatchThread.pumpEvents(EventDispatchThread.java:113)
	at java.desktop/java.awt.EventDispatchThread.pumpEvents(EventDispatchThread.java:105)
	at java.desktop/java.awt.EventDispatchThread.run(EventDispatchThread.java:92)
2026-03-02 22:29:15,980 [   4539] SEVERE - #c.i.s.ComponentManagerImpl - IntelliJ IDEA 2025.3.2  Build #IU-253.30387.90
2026-03-02 22:29:15,980 [   4539] SEVERE - #c.i.s.ComponentManagerImpl - JDK: 21.0.9; VM: OpenJDK 64-Bit Server VM; Vendor: JetBrains s.r.o.
2026-03-02 22:29:15,981 [   4540] SEVERE - #c.i.s.ComponentManagerImpl - OS: Linux
2026-03-02 22:29:15,999 [   4558] SEVERE - #c.i.s.ComponentManagerImpl - Plugin to blame: Markdown version: 253.30387.90
2026-03-02 22:29:15,999 [   4558] SEVERE - #c.i.s.ComponentManagerImpl - Last Action: 
libva error: /usr/lib64/dri/nouveau_drv_video.so init failed
2026-03-02 22:29:17,107 [   5666]   WARN - #c.i.s.c.i.StationSocketConnectionLoop - RecentProjects connection failed with NoSuchFileException (/run/user/1000/jb.station.sock)
2026-03-02 22:29:18,136 [   6695]   WARN - #c.i.s.SpellCheckerManager - Couldn't load dictionary vue.dic with loader 'class org.jetbrains.vuejs.spellchecker.VueSpellcheckingDictionaryProvider'
2026-03-02 22:29:18,148 [   6707]   WARN - #c.i.o.a.i.ActionUpdater - 1012 ms to call on BGT ExecutorRegistryImpl$ExecutorAction#presentation@NewUiRunToolbar (com.intellij.execution.ExecutorRegistryImpl$ExecutorAction(id=Run)) "Run"
2026-03-02 22:29:18,148 [   6707]   WARN - #c.i.o.a.i.ActionUpdater - 1012 ms to call on BGT ExecutorRegistryImpl$ExecutorAction#presentation@NewUiRunToolbar (com.intellij.execution.ExecutorRegistryImpl$ExecutorAction(id=Debug)) "Debug"
2026-03-02 22:29:18,690 [   7249]   WARN - #c.i.o.a.i.ActionUpdater - 3849 ms total to grab EDT 5 times to expand ToolWindowHeader$2#expandGroup@ToolwindowTitle (com.intellij.toolWindow.ToolWindowHeader$2). Use `ActionUpdateThread.BGT`.
2026-03-02 22:29:19,479 [   8038]   WARN - #c.i.o.a.i.ActionUpdater - 3312 ms total to grab EDT 8 times to expand DefaultActionGroup#expandGroup@Git.Log.Branches (DefaultActionGroup). Use `ActionUpdateThread.BGT`.
2026-03-02 22:29:19,881 [   8440]   WARN - #c.i.g.c.l.GrazieLoginManager - Need explicit activation dialog agreement, so skipping cloud login
2026-03-02 22:29:19,882 [   8441]   WARN - #c.i.g.c.l.GrazieLoginManager - Need explicit activation dialog agreement, so skipping cloud login
2026-03-02 22:29:20,176 [   8735]   WARN - #c.i.g.c.l.GrazieLoginManager - Need explicit activation dialog agreement, so skipping cloud login
